Arguments: 
  /Users/feargalwalsh/.nvm/versions/node/v6.0.0/bin/node /usr/local/Cellar/yarn/1.6.0/libexec/bin/yarn.js add feargswalsh92/react-native-elements

PATH: 
  /Users/feargalwalsh/.nvm/versions/node/v6.0.0/bin:/Users/feargalwalsh/Downloads/google-cloud-sdk/bin:/usr/local/bin:/usr/bin:/bin:/usr/sbin:/sbin:/Users/feargalwalsh/Library/Android/sdk/tools:/Users/feargalwalsh/Library/Android/sdk/tools/bin:/Users/feargalwalsh/Library/Android/sdk/platform-tools

Yarn version: 
  1.6.0

Node version: 
  6.0.0

Platform: 
  darwin x64

Trace: 
  SyntaxError: /Users/feargalwalsh/Downloads/1005/package.json: Unexpected token } in JSON at position 311
      at Object.parse (native)
      at /usr/local/Cellar/yarn/1.6.0/libexec/lib/cli.js:1130:59
      at next (native)
      at step (/usr/local/Cellar/yarn/1.6.0/libexec/lib/cli.js:98:30)
      at /usr/local/Cellar/yarn/1.6.0/libexec/lib/cli.js:109:13
      at run (/usr/local/Cellar/yarn/1.6.0/libexec/lib/cli.js:100231:22)
      at /usr/local/Cellar/yarn/1.6.0/libexec/lib/cli.js:100244:28
      at flush (/usr/local/Cellar/yarn/1.6.0/libexec/lib/cli.js:99757:9)
      at _combinedTickCallback (internal/process/next_tick.js:67:7)
      at process._tickCallback (internal/process/next_tick.js:98:9)

npm manifest: 
  {
    "name": "1005",
    "version": "0.0.0",
    "description": "No description",
    "author": null,
    "private": true,
    "main": "node_modules/expo/AppEntry.js",
    "dependencies": {
      "expo": "^28.0.0",
      "react": "16.3.1",
      "react-native": "https://github.com/expo/react-native/archive/sdk-28.0.0.tar.gz",
    }
  }

yarn manifest: 
  No manifest

Lockfile: 
  No lockfile
